[0715/005203.738:ERROR:process_reader_win.cc(123)] NtOpenThread: {Access Denied} A process has requested access to an object, but has not been granted those access rights. (0xc0000022)
[0715/005203.769:ERROR:process_reader_win.cc(123)] NtOpenThread: {Access Denied} A process has requested access to an object, but has not been granted those access rights. (0xc0000022)
[0715/005203.722:ERROR:process_reader_win.cc(123)] NtOpenThread: {Access Denied} A process has requested access to an object, but has not been granted those access rights. (0xc0000022)
[0715/005203.769:ERROR:exception_snapshot_win.cc(98)] thread ID 10444 not found in process
[0715/005203.722:ERROR:process_reader_win.cc(123)] NtOpenThread: {Access Denied} A process has requested access to an object, but has not been granted those access rights. (0xc0000022)
[0715/005203.738:ERROR:scoped_process_suspend.cc(31)] NtSuspendProcess: An attempt was made to access an exiting process. (0xc000010a)
[0715/005203.722:ERROR:process_reader_win.cc(123)] NtOpenThread: {Access Denied} A process has requested access to an object, but has not been granted those access rights. (0xc0000022)
[0715/005203.769:ERROR:exception_snapshot_win.cc(98)] thread ID 16936 not found in process
[0715/005203.769:ERROR:exception_snapshot_win.cc(98)] thread ID 15004 not found in process
[0715/005203.769:ERROR:process_info.cc(118)] ReadProcessMemory bool __cdecl crashpad::(anonymous namespace)::ReadStruct(HANDLE, crashpad::WinVMAddress, T *) [T = crashpad::process_types::PEB<crashpad::process_types::internal::Traits64>]: Only part of a ReadProcessMemory or WriteProcessMemory request was completed. (0x12B)
[0715/005203.769:ERROR:process_info.cc(551)] ReadProcessData failed
[0715/005203.785:ERROR:process_reader_win.cc(123)] NtOpenThread: {Access Denied} A process has requested access to an object, but has not been granted those access rights. (0xc0000022)
[0715/005203.785:ERROR:exception_snapshot_win.cc(98)] thread ID 14636 not found in process
[0715/005203.769:ERROR:exception_snapshot_win.cc(98)] thread ID 16740 not found in process
[0715/005203.785:ERROR:exception_snapshot_win.cc(98)] thread ID 16796 not found in process
[0715/005203.769:ERROR:exception_snapshot_win.cc(98)] thread ID 16100 not found in process
[0715/005203.785:ERROR:exception_snapshot_win.cc(98)] thread ID 15608 not found in process
[0715/005203.816:ERROR:process_reader_win.cc(123)] NtOpenThread: {Access Denied} A process has requested access to an object, but has not been granted those access rights. (0xc0000022)
[0715/005203.816:ERROR:exception_snapshot_win.cc(98)] thread ID 13784 not found in process
[0715/005203.816:ERROR:process_reader_win.cc(123)] NtOpenThread: {Access Denied} A process has requested access to an object, but has not been granted those access rights. (0xc0000022)
[0715/005203.816:ERROR:exception_snapshot_win.cc(98)] thread ID 9776 not found in process
[0715/005203.816:ERROR:process_reader_win.cc(123)] NtOpenThread: {Access Denied} A process has requested access to an object, but has not been granted those access rights. (0xc0000022)
[0715/005203.816:ERROR:exception_snapshot_win.cc(98)] thread ID 6480 not found in process
[0715/005203.816:ERROR:process_reader_win.cc(123)] NtOpenThread: {Access Denied} A process has requested access to an object, but has not been granted those access rights. (0xc0000022)
[0715/005203.816:ERROR:exception_snapshot_win.cc(98)] thread ID 6372 not found in process
[0715/005203.832:ERROR:process_reader_win.cc(123)] NtOpenThread: {Access Denied} A process has requested access to an object, but has not been granted those access rights. (0xc0000022)
[0715/005203.832:ERROR:exception_snapshot_win.cc(98)] thread ID 4344 not found in process
[0715/005203.832:ERROR:process_reader_win.cc(123)] NtOpenThread: {Access Denied} A process has requested access to an object, but has not been granted those access rights. (0xc0000022)
[0715/005203.832:ERROR:exception_snapshot_win.cc(98)] thread ID 14684 not found in process
[0715/005203.847:ERROR:process_reader_win.cc(123)] NtOpenThread: {Access Denied} A process has requested access to an object, but has not been granted those access rights. (0xc0000022)
[0715/005203.847:ERROR:exception_snapshot_win.cc(98)] thread ID 7848 not found in process
[0715/005203.847:ERROR:process_reader_win.cc(123)] NtOpenThread: {Access Denied} A process has requested access to an object, but has not been granted those access rights. (0xc0000022)
[0715/005203.847:ERROR:exception_snapshot_win.cc(98)] thread ID 13488 not found in process
[0715/005203.863:ERROR:process_reader_win.cc(123)] NtOpenThread: {Access Denied} A process has requested access to an object, but has not been granted those access rights. (0xc0000022)
[0715/005203.863:ERROR:exception_snapshot_win.cc(98)] thread ID 10056 not found in process
[0715/005203.879:ERROR:process_reader_win.cc(123)] NtOpenThread: {Access Denied} A process has requested access to an object, but has not been granted those access rights. (0xc0000022)
[0715/005203.879:ERROR:exception_snapshot_win.cc(98)] thread ID 8300 not found in process
[0715/005203.879:ERROR:process_reader_win.cc(123)] NtOpenThread: {Access Denied} A process has requested access to an object, but has not been granted those access rights. (0xc0000022)
[0715/005203.879:ERROR:exception_snapshot_win.cc(98)] thread ID 15868 not found in process
[0715/005203.879:ERROR:process_reader_win.cc(123)] NtOpenThread: {Access Denied} A process has requested access to an object, but has not been granted those access rights. (0xc0000022)
[0715/005203.879:ERROR:exception_snapshot_win.cc(98)] thread ID 17144 not found in process
[0715/005203.879:ERROR:process_reader_win.cc(123)] NtOpenThread: {Access Denied} A process has requested access to an object, but has not been granted those access rights. (0xc0000022)
[0715/005203.879:ERROR:exception_snapshot_win.cc(98)] thread ID 704 not found in process
[0715/005203.894:ERROR:process_reader_win.cc(123)] NtOpenThread: {Access Denied} A process has requested access to an object, but has not been granted those access rights. (0xc0000022)
[0715/005203.894:ERROR:exception_snapshot_win.cc(98)] thread ID 13152 not found in process
[0715/005203.894:ERROR:process_reader_win.cc(123)] NtOpenThread: {Access Denied} A process has requested access to an object, but has not been granted those access rights. (0xc0000022)
[0715/005203.894:ERROR:exception_snapshot_win.cc(98)] thread ID 15524 not found in process
[0715/005203.910:ERROR:process_reader_win.cc(123)] NtOpenThread: {Access Denied} A process has requested access to an object, but has not been granted those access rights. (0xc0000022)
[0715/005203.910:ERROR:exception_snapshot_win.cc(98)] thread ID 8256 not found in process
[0715/005203.910:ERROR:process_reader_win.cc(123)] NtOpenThread: {Access Denied} A process has requested access to an object, but has not been granted those access rights. (0xc0000022)
[0715/005203.910:ERROR:exception_snapshot_win.cc(98)] thread ID 16708 not found in process
[0716/135550.994:ERROR:process_reader_win.cc(123)] NtOpenThread: {Access Denied} A process has requested access to an object, but has not been granted those access rights. (0xc0000022)
[0716/135551.015:ERROR:exception_snapshot_win.cc(98)] thread ID 14776 not found in process
[0716/135551.062:ERROR:process_reader_win.cc(123)] NtOpenThread: {Access Denied} A process has requested access to an object, but has not been granted those access rights. (0xc0000022)
[0716/135551.062:ERROR:exception_snapshot_win.cc(98)] thread ID 11380 not found in process
